<?xml version="1.0" encoding="UTF-8"?>
<testsuite xmlns:xsi="http://www.w3.org/2001/XMLSchema-instance" xsi:noNamespaceSchemaLocation="https://maven.apache.org/surefire/maven-surefire-plugin/xsd/surefire-test-report.xsd" name="com.example.demo.Testing" time="18.96" tests="5" errors="0" skipped="0" failures="0">
  <properties>
[...]
</properties>
  <testcase name="getWelcome" classname="com.example.demo.Testing" time="1.283"/>
  <testcase name="myDeleteTesting" classname="com.example.demo.Testing" time="0.05"/>
  <testcase name="deleteEnv" classname="com.example.demo.Testing" time="0.27"/>
  <testcase name="updateTest" classname="com.example.demo.Testing" time="0.124"/>
  <testcase name="myTestMethod" classname="com.example.demo.Testing" time="0.002"/>
</testsuite>